This is pdfTeX, Version 3.14159265-2.6-1.40.16 (TeX Live 2015/Debian) (preloaded format=pdflatex 2016.3.3)  17 JUN 2016 12:56
entering extended mode
 restricted \write18 enabled.
 %&-line parsing enabled.
**main.tex
(./main.tex
LaTeX2e <2015/01/01>
Babel <3.9l> and hyphenation patterns for 79 languages loaded.
(/usr/share/texlive/texmf-dist/tex/latex/base/article.cls
Document Class: article 2014/09/29 v1.4h Standard LaTeX document class
(/usr/share/texlive/texmf-dist/tex/latex/base/size10.clo
File: size10.clo 2014/09/29 v1.4h Standard LaTeX file (size option)
)
\c@part=\count79
\c@section=\count80
\c@subsection=\count81
\c@subsubsection=\count82
\c@paragraph=\count83
\c@subparagraph=\count84
\c@figure=\count85
\c@table=\count86
\abovecaptionskip=\skip41
\belowcaptionskip=\skip42
\bibindent=\dimen102
) (./onecolceurws.sty
Document Style Option 'onecolceurws'.
\@maxsep=\dimen103
\@dblmaxsep=\dimen104
) (/usr/share/texlive/texmf-dist/tex/latex/amsfonts/amssymb.sty
Package: amssymb 2013/01/14 v3.01 AMS font symbols

(/usr/share/texlive/texmf-dist/tex/latex/amsfonts/amsfonts.sty
Package: amsfonts 2013/01/14 v3.01 Basic AMSFonts support
\@emptytoks=\toks14
\symAMSa=\mathgroup4
\symAMSb=\mathgroup5
LaTeX Font Info:    Overwriting math alphabet `\mathfrak' in version `bold'
(Font)                  U/euf/m/n --> U/euf/b/n on input line 106.
))
(/usr/share/texlive/texmf-dist/tex/generic/mathabx/mathabx.sty
Package: mathabx 2003/07/29 v0.0 Non-standard LaTeX package mathabx
\symmatha=\mathgroup6
\symmathb=\mathgroup7
\symmathx=\mathgroup8

(/usr/share/texlive/texmf-dist/tex/generic/mathabx/mathabx.dcl
LaTeX Font Info:    Redeclaring math symbol \cdotp on input line 25.
LaTeX Font Info:    Redeclaring math symbol \times on input line 33.
LaTeX Font Info:    Redeclaring math symbol \div on input line 34.
LaTeX Font Info:    Redeclaring math symbol \cdot on input line 35.
LaTeX Font Info:    Redeclaring math symbol \circ on input line 36.
LaTeX Font Info:    Redeclaring math symbol \ast on input line 38.
LaTeX Font Info:    Redeclaring math symbol \pm on input line 41.
LaTeX Font Info:    Redeclaring math symbol \mp on input line 42.
LaTeX Font Info:    Redeclaring math symbol \ltimes on input line 43.
LaTeX Font Info:    Redeclaring math symbol \rtimes on input line 44.
LaTeX Font Info:    Redeclaring math symbol \diamond on input line 45.
LaTeX Font Info:    Redeclaring math symbol \bullet on input line 46.
LaTeX Font Info:    Redeclaring math symbol \star on input line 47.
LaTeX Font Info:    Redeclaring math symbol \amalg on input line 51.
LaTeX Font Info:    Redeclaring math symbol \dotplus on input line 58.
LaTeX Font Info:    Redeclaring math symbol \square on input line 63.
LaTeX Font Info:    Redeclaring math symbol \divideontimes on input line 71.
LaTeX Font Info:    Redeclaring math symbol \bigstar on input line 75.
LaTeX Font Info:    Redeclaring math symbol \equiv on input line 83.
LaTeX Font Info:    Redeclaring math symbol \sim on input line 84.
LaTeX Font Info:    Redeclaring math symbol \approx on input line 85.
LaTeX Font Info:    Redeclaring math symbol \simeq on input line 86.
LaTeX Font Info:    Redeclaring math symbol \asymp on input line 89.
LaTeX Font Info:    Redeclaring math symbol \nsim on input line 97.
LaTeX Font Info:    Redeclaring math symbol \ncong on input line 100.
LaTeX Font Info:    Redeclaring math symbol \risingdotseq on input line 118.
LaTeX Font Info:    Redeclaring math symbol \fallingdotseq on input line 119.
LaTeX Font Info:    Redeclaring math symbol \circeq on input line 125.
LaTeX Font Info:    Redeclaring math symbol \eqcirc on input line 126.
LaTeX Font Info:    Redeclaring math symbol \triangleq on input line 127.
LaTeX Font Info:    Redeclaring math symbol \neg on input line 134.
LaTeX Font Info:    Redeclaring math symbol \ll on input line 136.
LaTeX Font Info:    Redeclaring math symbol \gg on input line 137.
LaTeX Font Info:    Redeclaring math symbol \vdash on input line 139.
LaTeX Font Info:    Redeclaring math symbol \dashv on input line 140.
LaTeX Font Info:    Redeclaring math symbol \nvdash on input line 141.
LaTeX Font Info:    Redeclaring math symbol \vDash on input line 143.
LaTeX Font Info:    Redeclaring math symbol \nvDash on input line 145.
LaTeX Font Info:    Redeclaring math symbol \Vdash on input line 147.
LaTeX Font Info:    Redeclaring math symbol \nVdash on input line 149.
LaTeX Font Info:    Redeclaring math symbol \flat on input line 158.
LaTeX Font Info:    Redeclaring math symbol \natural on input line 159.
LaTeX Font Info:    Redeclaring math symbol \sharp on input line 160.
LaTeX Font Info:    Redeclaring math symbol \infty on input line 161.
LaTeX Font Info:    Redeclaring math symbol \propto on input line 162.
LaTeX Font Info:    Redeclaring math symbol \dagger on input line 163.
LaTeX Font Info:    Redeclaring math symbol \ddagger on input line 164.
LaTeX Font Info:    Redeclaring math symbol \between on input line 170.
LaTeX Font Info:    Redeclaring math symbol \smile on input line 171.
LaTeX Font Info:    Redeclaring math symbol \frown on input line 172.
LaTeX Font Info:    Redeclaring math symbol \leftthreetimes on input line 174.
LaTeX Font Info:    Redeclaring math symbol \rightthreetimes on input line 175.

LaTeX Font Info:    Redeclaring math symbol \pitchfork on input line 176.
LaTeX Font Info:    Redeclaring math symbol \nVDash on input line 182.
LaTeX Font Info:    Redeclaring math symbol \Vvdash on input line 184.
LaTeX Font Info:    Redeclaring math symbol \therefore on input line 189.
LaTeX Font Info:    Redeclaring math symbol \because on input line 190.
LaTeX Font Info:    Redeclaring math symbol \measuredangle on input line 202.
LaTeX Font Info:    Redeclaring math symbol \sphericalangle on input line 203.
LaTeX Font Info:    Redeclaring math symbol \setminus on input line 218.
LaTeX Font Info:    Redeclaring math symbol \mid on input line 222.
LaTeX Font Info:    Redeclaring math symbol \forall on input line 279.
LaTeX Font Info:    Redeclaring math symbol \complement on input line 280.
LaTeX Font Info:    Redeclaring math symbol \partial on input line 281.
LaTeX Font Info:    Redeclaring math symbol \exists on input line 284.
LaTeX Font Info:    Redeclaring math symbol \nexists on input line 285.
LaTeX Font Info:    Redeclaring math symbol \Finv on input line 286.
LaTeX Font Info:    Redeclaring math symbol \Game on input line 287.
LaTeX Font Info:    Redeclaring math symbol \emptyset on input line 288.
LaTeX Font Info:    Redeclaring math symbol \top on input line 290.
LaTeX Font Info:    Redeclaring math symbol \bot on input line 291.
LaTeX Font Info:    Redeclaring math symbol \perp on input line 292.
LaTeX Font Info:    Redeclaring math symbol \curlywedge on input line 296.
LaTeX Font Info:    Redeclaring math symbol \curlyvee on input line 297.
LaTeX Font Info:    Redeclaring math symbol \in on input line 299.
LaTeX Font Info:    Redeclaring math symbol \owns on input line 300.
LaTeX Font Info:    Redeclaring math symbol \cap on input line 312.
LaTeX Font Info:    Redeclaring math symbol \cup on input line 313.
LaTeX Font Info:    Redeclaring math symbol \uplus on input line 314.
LaTeX Font Info:    Redeclaring math symbol \sqcap on input line 315.
LaTeX Font Info:    Redeclaring math symbol \sqcup on input line 316.
LaTeX Font Info:    Redeclaring math symbol \wedge on input line 318.
LaTeX Font Info:    Redeclaring math symbol \vee on input line 320.
LaTeX Font Info:    Redeclaring math symbol \barwedge on input line 327.
LaTeX Font Info:    Redeclaring math symbol \veebar on input line 328.
LaTeX Font Info:    Redeclaring math symbol \doublebarwedge on input line 329.
LaTeX Font Info:    Redeclaring math symbol \doublecap on input line 331.
LaTeX Font Info:    Redeclaring math symbol \doublecup on input line 333.
LaTeX Font Info:    Redeclaring math symbol \subset on input line 344.
LaTeX Font Info:    Redeclaring math symbol \supset on input line 345.
LaTeX Font Info:    Redeclaring math symbol \subseteq on input line 348.
LaTeX Font Info:    Redeclaring math symbol \supseteq on input line 349.
LaTeX Font Info:    Redeclaring math symbol \nsubseteq on input line 350.
LaTeX Font Info:    Redeclaring math symbol \nsupseteq on input line 351.
LaTeX Font Info:    Redeclaring math symbol \subsetneq on input line 352.
LaTeX Font Info:    Redeclaring math symbol \supsetneq on input line 353.
LaTeX Font Info:    Redeclaring math symbol \varsubsetneq on input line 354.
LaTeX Font Info:    Redeclaring math symbol \varsupsetneq on input line 355.
LaTeX Font Info:    Redeclaring math symbol \subseteqq on input line 357.
LaTeX Font Info:    Redeclaring math symbol \supseteqq on input line 358.
LaTeX Font Info:    Redeclaring math symbol \nsubseteqq on input line 359.
LaTeX Font Info:    Redeclaring math symbol \nsupseteqq on input line 360.
LaTeX Font Info:    Redeclaring math symbol \subsetneqq on input line 361.
LaTeX Font Info:    Redeclaring math symbol \supsetneqq on input line 362.
LaTeX Font Info:    Redeclaring math symbol \varsubsetneqq on input line 363.
LaTeX Font Info:    Redeclaring math symbol \varsupsetneqq on input line 364.
LaTeX Font Info:    Redeclaring math symbol \Subset on input line 366.
LaTeX Font Info:    Redeclaring math symbol \Supset on input line 367.
LaTeX Font Info:    Redeclaring math symbol \sqsubseteq on input line 380.
LaTeX Font Info:    Redeclaring math symbol \sqsupseteq on input line 381.
LaTeX Font Info:    Redeclaring math symbol \triangleleft on input line 407.
LaTeX Font Info:    Redeclaring math symbol \vartriangleleft on input line 408.

LaTeX Font Info:    Redeclaring math symbol \triangleright on input line 409.
LaTeX Font Info:    Redeclaring math symbol \vartriangleright on input line 410
.
LaTeX Font Info:    Redeclaring math symbol \ntriangleleft on input line 411.
LaTeX Font Info:    Redeclaring math symbol \ntriangleright on input line 412.
LaTeX Font Info:    Redeclaring math symbol \trianglelefteq on input line 413.
LaTeX Font Info:    Redeclaring math symbol \trianglerighteq on input line 414.

LaTeX Font Info:    Redeclaring math symbol \ntrianglelefteq on input line 415.

LaTeX Font Info:    Redeclaring math symbol \ntrianglerighteq on input line 416
.
LaTeX Font Info:    Redeclaring math symbol \blacktriangledown on input line 42
7.
LaTeX Font Info:    Redeclaring math symbol \blacktriangleleft on input line 42
8.
LaTeX Font Info:    Redeclaring math symbol \blacktriangleright on input line 4
29.
LaTeX Font Info:    Redeclaring math symbol \nless on input line 437.
LaTeX Font Info:    Redeclaring math symbol \ngtr on input line 438.
LaTeX Font Info:    Redeclaring math symbol \leq on input line 439.
LaTeX Font Info:    Redeclaring math symbol \geq on input line 441.
LaTeX Font Info:    Redeclaring math symbol \nleq on input line 443.
LaTeX Font Info:    Redeclaring math symbol \ngeq on input line 445.
LaTeX Font Info:    Redeclaring math symbol \lneq on input line 451.
LaTeX Font Info:    Redeclaring math symbol \gneq on input line 452.
LaTeX Font Info:    Redeclaring math symbol \leqq on input line 453.
LaTeX Font Info:    Redeclaring math symbol \geqq on input line 454.
LaTeX Font Info:    Redeclaring math symbol \nleqq on input line 455.
LaTeX Font Info:    Redeclaring math symbol \ngeqq on input line 456.
LaTeX Font Info:    Redeclaring math symbol \lneqq on input line 457.
LaTeX Font Info:    Redeclaring math symbol \gneqq on input line 458.
LaTeX Font Info:    Redeclaring math symbol \lvertneqq on input line 459.
LaTeX Font Info:    Redeclaring math symbol \gvertneqq on input line 460.
LaTeX Font Info:    Redeclaring math symbol \eqslantless on input line 461.
LaTeX Font Info:    Redeclaring math symbol \eqslantgtr on input line 462.
LaTeX Font Info:    Redeclaring math symbol \lessgtr on input line 465.
LaTeX Font Info:    Redeclaring math symbol \gtrless on input line 466.
LaTeX Font Info:    Redeclaring math symbol \lesseqgtr on input line 467.
LaTeX Font Info:    Redeclaring math symbol \gtreqless on input line 468.
LaTeX Font Info:    Redeclaring math symbol \lesseqqgtr on input line 469.
LaTeX Font Info:    Redeclaring math symbol \gtreqqless on input line 470.
LaTeX Font Info:    Redeclaring math symbol \lesssim on input line 472.
LaTeX Font Info:    Redeclaring math symbol \gtrsim on input line 473.
LaTeX Font Info:    Redeclaring math symbol \lnsim on input line 476.
LaTeX Font Info:    Redeclaring math symbol \gnsim on input line 477.
LaTeX Font Info:    Redeclaring math symbol \lessapprox on input line 478.
LaTeX Font Info:    Redeclaring math symbol \gtrapprox on input line 479.
LaTeX Font Info:    Redeclaring math symbol \lnapprox on input line 482.
LaTeX Font Info:    Redeclaring math symbol \gnapprox on input line 483.
LaTeX Font Info:    Redeclaring math symbol \lessdot on input line 485.
LaTeX Font Info:    Redeclaring math symbol \gtrdot on input line 486.
LaTeX Font Info:    Redeclaring math symbol \lll on input line 488.
LaTeX Font Info:    Redeclaring math symbol \ggg on input line 489.
LaTeX Font Info:    Redeclaring math symbol \prec on input line 498.
LaTeX Font Info:    Redeclaring math symbol \succ on input line 499.
LaTeX Font Info:    Redeclaring math symbol \nprec on input line 500.
LaTeX Font Info:    Redeclaring math symbol \nsucc on input line 501.
LaTeX Font Info:    Redeclaring math symbol \preccurlyeq on input line 502.
LaTeX Font Info:    Redeclaring math symbol \succcurlyeq on input line 503.
LaTeX Font Info:    Redeclaring math symbol \preceq on input line 506.
LaTeX Font Info:    Redeclaring math symbol \succeq on input line 507.
LaTeX Font Info:    Redeclaring math symbol \npreceq on input line 508.
LaTeX Font Info:    Redeclaring math symbol \nsucceq on input line 509.
LaTeX Font Info:    Redeclaring math symbol \curlyeqprec on input line 512.
LaTeX Font Info:    Redeclaring math symbol \curlyeqsucc on input line 513.
LaTeX Font Info:    Redeclaring math symbol \precsim on input line 517.
LaTeX Font Info:    Redeclaring math symbol \succsim on input line 518.
LaTeX Font Info:    Redeclaring math symbol \precnsim on input line 521.
LaTeX Font Info:    Redeclaring math symbol \succnsim on input line 522.
LaTeX Font Info:    Redeclaring math symbol \precapprox on input line 523.
LaTeX Font Info:    Redeclaring math symbol \succapprox on input line 524.
LaTeX Font Info:    Redeclaring math symbol \precnapprox on input line 527.
LaTeX Font Info:    Redeclaring math symbol \succnapprox on input line 528.
LaTeX Font Info:    Redeclaring math symbol \leftarrow on input line 540.
LaTeX Font Info:    Redeclaring math symbol \rightarrow on input line 542.
LaTeX Font Info:    Redeclaring math symbol \nwarrow on input line 546.
LaTeX Font Info:    Redeclaring math symbol \nearrow on input line 547.
LaTeX Font Info:    Redeclaring math symbol \swarrow on input line 548.
LaTeX Font Info:    Redeclaring math symbol \searrow on input line 549.
LaTeX Font Info:    Redeclaring math symbol \leftrightarrow on input line 550.
LaTeX Font Info:    Redeclaring math symbol \nleftarrow on input line 552.
LaTeX Font Info:    Redeclaring math symbol \nrightarrow on input line 553.
LaTeX Font Info:    Redeclaring math symbol \nleftrightarrow on input line 554.

LaTeX Font Info:    Redeclaring math symbol \mapstochar on input line 557.
LaTeX Font Info:    Redeclaring math symbol \leftharpoonup on input line 560.
LaTeX Font Info:    Redeclaring math symbol \rightharpoonup on input line 561.
LaTeX Font Info:    Redeclaring math symbol \leftharpoondown on input line 562.

LaTeX Font Info:    Redeclaring math symbol \rightharpoondown on input line 563
.
LaTeX Font Info:    Redeclaring math symbol \upharpoonleft on input line 564.
LaTeX Font Info:    Redeclaring math symbol \downharpoonleft on input line 565.

LaTeX Font Info:    Redeclaring math symbol \upharpoonright on input line 566.
LaTeX Font Info:    Redeclaring math symbol \restriction on input line 567.
LaTeX Font Info:    Redeclaring math symbol \downharpoonright on input line 568
.
LaTeX Font Info:    Redeclaring math symbol \leftrightharpoons on input line 56
9.
LaTeX Font Info:    Redeclaring math symbol \Leftarrow on input line 575.
LaTeX Font Info:    Redeclaring math symbol \Rightarrow on input line 576.
LaTeX Font Info:    Redeclaring math symbol \Leftrightarrow on input line 579.
LaTeX Font Info:    Redeclaring math symbol \nLeftarrow on input line 581.
LaTeX Font Info:    Redeclaring math symbol \nRightarrow on input line 582.
LaTeX Font Info:    Redeclaring math symbol \nLeftrightarrow on input line 583.

LaTeX Font Info:    Redeclaring math symbol \leftleftarrows on input line 593.
LaTeX Font Info:    Redeclaring math symbol \rightrightarrows on input line 594
.
LaTeX Font Info:    Redeclaring math symbol \upuparrows on input line 595.
LaTeX Font Info:    Redeclaring math symbol \downdownarrows on input line 596.
LaTeX Font Info:    Redeclaring math symbol \leftrightarrows on input line 597.

LaTeX Font Info:    Redeclaring math symbol \rightleftarrows on input line 598.

LaTeX Font Info:    Redeclaring math symbol \rhook on input line 612.
LaTeX Font Info:    Redeclaring math symbol \lhook on input line 613.
LaTeX Font Info:    Redeclaring math symbol \diagup on input line 614.
LaTeX Font Info:    Redeclaring math symbol \diagdown on input line 615.
LaTeX Font Info:    Redeclaring math symbol \Lsh on input line 617.
LaTeX Font Info:    Redeclaring math symbol \Rsh on input line 619.
LaTeX Font Info:    Redeclaring math symbol \looparrowleft on input line 624.
LaTeX Font Info:    Redeclaring math symbol \looparrowright on input line 626.
LaTeX Font Info:    Redeclaring math symbol \curvearrowleft on input line 631.
LaTeX Font Info:    Redeclaring math symbol \curvearrowright on input line 633.

LaTeX Font Info:    Redeclaring math symbol \circlearrowleft on input line 641.

LaTeX Font Info:    Redeclaring math symbol \circlearrowright on input line 642
.
LaTeX Font Info:    Redeclaring math symbol \rightsquigarrow on input line 645.

LaTeX Font Info:    Redeclaring math symbol \leftrightsquigarrow on input line 
646.
LaTeX Font Info:    Redeclaring math symbol \oplus on input line 658.
LaTeX Font Info:    Redeclaring math symbol \ominus on input line 659.
LaTeX Font Info:    Redeclaring math symbol \otimes on input line 661.
LaTeX Font Info:    Redeclaring math symbol \odot on input line 663.
LaTeX Font Info:    Redeclaring math symbol \oslash on input line 675.
LaTeX Font Info:    Redeclaring math symbol \boxplus on input line 683.
LaTeX Font Info:    Redeclaring math symbol \boxminus on input line 684.
LaTeX Font Info:    Redeclaring math symbol \boxtimes on input line 686.
LaTeX Font Info:    Redeclaring math symbol \boxdot on input line 688.
\mayacnter=\count87
\mayacnta=\count88
\mayacntb=\count89
\mayacntc=\count90
\mayawidth=\dimen105
LaTeX Font Info:    Redeclaring math symbol \intop on input line 753.
LaTeX Font Info:    Redeclaring math symbol \ointop on input line 760.
LaTeX Font Info:    Redeclaring math delimiter \lbrace on input line 842.
LaTeX Info: Redefining \{ on input line 846.
LaTeX Font Info:    Redeclaring math delimiter \rbrace on input line 848.
LaTeX Info: Redefining \} on input line 852.
LaTeX Font Info:    Redeclaring math delimiter \langle on input line 858.
LaTeX Font Info:    Redeclaring math delimiter \rangle on input line 859.
LaTeX Font Info:    Redeclaring math delimiter \vert on input line 863.
LaTeX Font Info:    Redeclaring math delimiter \Vert on input line 865.
LaTeX Font Info:    Redeclaring math delimiter \uparrow on input line 868.
LaTeX Font Info:    Redeclaring math delimiter \downarrow on input line 869.
LaTeX Font Info:    Redeclaring math delimiter \updownarrow on input line 870.
LaTeX Font Info:    Redeclaring math delimiter \Uparrow on input line 871.
LaTeX Font Info:    Redeclaring math delimiter \Downarrow on input line 872.
LaTeX Font Info:    Redeclaring math delimiter \Updownarrow on input line 873.
LaTeX Font Info:    Redeclaring math delimiter \lgroup on input line 880.
LaTeX Font Info:    Redeclaring math delimiter \rgroup on input line 881.
LaTeX Font Info:    Redeclaring math delimiter \lceil on input line 882.
LaTeX Font Info:    Redeclaring math delimiter \rceil on input line 883.
LaTeX Font Info:    Redeclaring math delimiter \lfloor on input line 884.
LaTeX Font Info:    Redeclaring math delimiter \rfloor on input line 885.
LaTeX Font Info:    Redeclaring math symbol \braceld on input line 903.
LaTeX Font Info:    Redeclaring math symbol \bracerd on input line 905.
LaTeX Font Info:    Redeclaring math symbol \bracelu on input line 907.
LaTeX Font Info:    Redeclaring math symbol \braceru on input line 909.
LaTeX Font Info:    Redeclaring math accent \widehat on input line 944.
LaTeX Font Info:    Redeclaring math accent \widetilde on input line 946.
))
(/usr/share/texlive/texmf-dist/tex/latex/caption/subcaption.sty
Package: subcaption 2013/02/03 v1.1-62 Sub-captions (AR)

(/usr/share/texlive/texmf-dist/tex/latex/caption/caption.sty
Package: caption 2013/05/02 v3.3-89 Customizing captions (AR)

(/usr/share/texlive/texmf-dist/tex/latex/caption/caption3.sty
Package: caption3 2013/05/02 v1.6-88 caption3 kernel (AR)
Package caption3 Info: TeX engine: e-TeX on input line 57.

(/usr/share/texlive/texmf-dist/tex/latex/graphics/keyval.sty
Package: keyval 2014/10/28 v1.15 key=value parser (DPC)
\KV@toks@=\toks15
)
\captionmargin=\dimen106
\captionmargin@=\dimen107
\captionwidth=\dimen108
\caption@tempdima=\dimen109
\caption@indent=\dimen110
\caption@parindent=\dimen111
\caption@hangindent=\dimen112
)
\c@ContinuedFloat=\count91
)
\c@subfigure=\count92
\c@subtable=\count93
)
(/usr/share/texlive/texmf-dist/tex/latex/graphics/graphicx.sty
Package: graphicx 2014/10/28 v1.0g Enhanced LaTeX Graphics (DPC,SPQR)

(/usr/share/texlive/texmf-dist/tex/latex/graphics/graphics.sty
Package: graphics 2014/10/28 v1.0p Standard LaTeX Graphics (DPC,SPQR)

(/usr/share/texlive/texmf-dist/tex/latex/graphics/trig.sty
Package: trig 1999/03/16 v1.09 sin cos tan (DPC)
)
(/usr/share/texlive/texmf-dist/tex/latex/latexconfig/graphics.cfg
File: graphics.cfg 2010/04/23 v1.9 graphics configuration of TeX Live
)
Package graphics Info: Driver file: pdftex.def on input line 94.

(/usr/share/texlive/texmf-dist/tex/latex/pdftex-def/pdftex.def
File: pdftex.def 2011/05/27 v0.06d Graphics/color for pdfTeX

(/usr/share/texlive/texmf-dist/tex/generic/oberdiek/infwarerr.sty
Package: infwarerr 2010/04/08 v1.3 Providing info/warning/error messages (HO)
)
(/usr/share/texlive/texmf-dist/tex/generic/oberdiek/ltxcmds.sty
Package: ltxcmds 2011/11/09 v1.22 LaTeX kernel commands for general use (HO)
)
\Gread@gobject=\count94
))
\Gin@req@height=\dimen113
\Gin@req@width=\dimen114
)
(/usr/share/texlive/texmf-dist/tex/latex/amsmath/amstext.sty
Package: amstext 2000/06/29 v2.01

(/usr/share/texlive/texmf-dist/tex/latex/amsmath/amsgen.sty
File: amsgen.sty 1999/11/30 v2.0
\@emptytoks=\toks16
\ex@=\dimen115
))
(/usr/share/texlive/texmf-dist/tex/latex/stmaryrd/stmaryrd.sty
Package: stmaryrd 1994/03/03 St Mary's Road symbol package
\symstmry=\mathgroup9
LaTeX Font Info:    Overwriting symbol font `stmry' in version `bold'
(Font)                  U/stmry/m/n --> U/stmry/b/n on input line 89.
)
(/usr/share/texlive/texmf-dist/tex/latex/polytable/polytable.sty
Package: polytable 2013/07/18 v0.8.5 `polytable' package (Andres Loeh)

(/usr/share/texlive/texmf-dist/tex/latex/lazylist/lazylist.sty)
(/usr/share/texlive/texmf-dist/tex/latex/tools/array.sty
Package: array 2014/10/28 v2.4c Tabular extension package (FMi)
\col@sep=\dimen116
\extrarowheight=\dimen117
\NC@list=\toks17
\extratabsurround=\skip43
\backup@length=\skip44
)
\PT@colwidth=\dimen118
\PT@cols=\count95
\PT@table=\count96
\PT@toks=\toks18
\PT@in=\read1
\PT@out=\write3
)
\mathindent=\dimen119
\blanklineskip=\skip45

(/usr/share/texlive/texmf-dist/tex/latex/tools/calc.sty
Package: calc 2014/10/28 v4.3 Infix arithmetic (KKT,FJ)
\calc@Acount=\count97
\calc@Bcount=\count98
\calc@Adimen=\dimen120
\calc@Bdimen=\dimen121
\calc@Askip=\skip46
\calc@Bskip=\skip47
LaTeX Info: Redefining \setlength on input line 80.
LaTeX Info: Redefining \addtolength on input line 81.
\calc@Ccount=\count99
\calc@Cskip=\skip48
) (./main.aux)
\openout1 = `main.aux'.

LaTeX Font Info:    Checking defaults for OML/cmm/m/it on input line 291.
LaTeX Font Info:    ... okay on input line 291.
LaTeX Font Info:    Checking defaults for T1/cmr/m/n on input line 291.
LaTeX Font Info:    ... okay on input line 291.
LaTeX Font Info:    Checking defaults for OT1/cmr/m/n on input line 291.
LaTeX Font Info:    ... okay on input line 291.
LaTeX Font Info:    Checking defaults for OMS/cmsy/m/n on input line 291.
LaTeX Font Info:    ... okay on input line 291.
LaTeX Font Info:    Checking defaults for OMX/cmex/m/n on input line 291.
LaTeX Font Info:    ... okay on input line 291.
LaTeX Font Info:    Checking defaults for U/mathx/m/n on input line 291.
LaTeX Font Info:    ... okay on input line 291.
Package caption Info: Begin \AtBeginDocument code.
Package caption Info: End \AtBeginDocument code.

(/usr/share/texlive/texmf-dist/tex/context/base/supp-pdf.mkii
[Loading MPS to PDF converter (version 2006.09.02).]
\scratchcounter=\count100
\scratchdimen=\dimen122
\scratchbox=\box26
\nofMPsegments=\count101
\nofMParguments=\count102
\everyMPshowfont=\toks19
\MPscratchCnt=\count103
\MPscratchDim=\dimen123
\MPnumerator=\count104
\makeMPintoPDFobject=\count105
\everyMPtoPDFconversion=\toks20
) (/usr/share/texlive/texmf-dist/tex/generic/oberdiek/pdftexcmds.sty
Package: pdftexcmds 2011/11/29 v0.20 Utility functions of pdfTeX for LuaTeX (HO
)

(/usr/share/texlive/texmf-dist/tex/generic/oberdiek/ifluatex.sty
Package: ifluatex 2010/03/01 v1.3 Provides the ifluatex switch (HO)
Package ifluatex Info: LuaTeX not detected.
)
(/usr/share/texlive/texmf-dist/tex/generic/oberdiek/ifpdf.sty
Package: ifpdf 2011/01/30 v2.3 Provides the ifpdf switch (HO)
Package ifpdf Info: pdfTeX in PDF mode is detected.
)
Package pdftexcmds Info: LuaTeX not detected.
Package pdftexcmds Info: \pdf@primitive is available.
Package pdftexcmds Info: \pdf@ifprimitive is available.
Package pdftexcmds Info: \pdfdraftmode found.
)
(/usr/share/texlive/texmf-dist/tex/latex/oberdiek/epstopdf-base.sty
Package: epstopdf-base 2010/02/09 v2.5 Base part for package epstopdf

(/usr/share/texlive/texmf-dist/tex/latex/oberdiek/grfext.sty
Package: grfext 2010/08/19 v1.1 Manage graphics extensions (HO)

(/usr/share/texlive/texmf-dist/tex/generic/oberdiek/kvdefinekeys.sty
Package: kvdefinekeys 2011/04/07 v1.3 Define keys (HO)
))
(/usr/share/texlive/texmf-dist/tex/latex/oberdiek/kvoptions.sty
Package: kvoptions 2011/06/30 v3.11 Key value format for package options (HO)

(/usr/share/texlive/texmf-dist/tex/generic/oberdiek/kvsetkeys.sty
Package: kvsetkeys 2012/04/25 v1.16 Key value parser (HO)

(/usr/share/texlive/texmf-dist/tex/generic/oberdiek/etexcmds.sty
Package: etexcmds 2011/02/16 v1.5 Avoid name clashes with e-TeX commands (HO)
Package etexcmds Info: Could not find \expanded.
(etexcmds)             That can mean that you are not using pdfTeX 1.50 or
(etexcmds)             that some package has redefined \expanded.
(etexcmds)             In the latter case, load this package earlier.
)))
Package grfext Info: Graphics extension search list:
(grfext)             [.png,.pdf,.jpg,.mps,.jpeg,.jbig2,.jb2,.PNG,.PDF,.JPG,.JPE
G,.JBIG2,.JB2,.eps]
(grfext)             \AppendGraphicsExtensions on input line 452.

(/usr/share/texlive/texmf-dist/tex/latex/latexconfig/epstopdf-sys.cfg
File: epstopdf-sys.cfg 2010/07/13 v1.3 Configuration of (r)epstopdf for TeX Liv
e
))
LaTeX Font Info:    Try loading font information for U+msa on input line 293.

(/usr/share/texlive/texmf-dist/tex/latex/amsfonts/umsa.fd
File: umsa.fd 2013/01/14 v3.01 AMS symbols A
)
LaTeX Font Info:    Try loading font information for U+msb on input line 293.

(/usr/share/texlive/texmf-dist/tex/latex/amsfonts/umsb.fd
File: umsb.fd 2013/01/14 v3.01 AMS symbols B
)
LaTeX Font Info:    Try loading font information for U+stmry on input line 293.


(/usr/share/texlive/texmf-dist/tex/latex/stmaryrd/Ustmry.fd)
LaTeX Font Info:    Try loading font information for OMS+cmss on input line 293
.
LaTeX Font Info:    No file OMScmss.fd. on input line 293.


LaTeX Font Warning: Font shape `OMS/cmss/m/n' undefined
(Font)              using `OMS/cmsy/m/n' instead
(Font)              for symbol `textbraceleft' on input line 293.

LaTeX Font Info:    Try loading font information for OMS+cmr on input line 293.

(/usr/share/texlive/texmf-dist/tex/latex/base/omscmr.fd
File: omscmr.fd 2014/09/29 v2.5h Standard LaTeX font definitions
)
LaTeX Font Info:    Font shape `OMS/cmr/m/it' in size <8> not available
(Font)              Font shape `OMS/cmsy/m/n' tried instead on input line 293.
LaTeX Font Info:    Font shape `OMS/cmr/m/n' in size <8> not available
(Font)              Font shape `OMS/cmsy/m/n' tried instead on input line 293.
\openout3 = `main.ptb'.

 [1


{/home/koen/.texmf-var/fonts/map/pdftex/updmap/pdftex.map}]
\openout3 = `main.ptb'.

\openout3 = `main.ptb'.

\openout3 = `main.ptb'.

 [2]
\openout3 = `main.ptb'.


Underfull \hbox (badness 10000) in paragraph at lines 503--503
[]\OT1/cmr/m/n/10 Figure 3: |Num-ber of oc-cur-rences of bi-nary re-la-tions in
 TPTP, di-vided up into The-o-
 []

[3]
\openout3 = `main.ptb'.

\openout3 = `main.ptb'.


Underfull \vbox (badness 7238) has occurred while \output is active []

 [4]
[5]
\openout3 = `main.ptb'.

\openout3 = `main.ptb'.

\openout3 = `main.ptb'.

 [6]
\openout3 = `main.ptb'.

\openout3 = `main.ptb'.

\openout3 = `main.ptb'.

\openout3 = `main.ptb'.

 [7]
\openout3 = `main.ptb'.

 [8]
Package epstopdf Info: Source file: <Plots/Equalified/E/test_original_e_equalif
ied_e_300.eps>
(epstopdf)                    date: 2016-05-10 09:40:24
(epstopdf)                    size: 25607 bytes
(epstopdf)             Output file: <Plots/Equalified/E/test_original_e_equalif
ied_e_300-eps-converted-to.pdf>
(epstopdf)                    date: 2016-05-10 09:40:24
(epstopdf)                    size: 8862 bytes
(epstopdf)             Command: <repstopdf --outfile=Plots/Equalified/E/test_or
iginal_e_equalified_e_300-eps-converted-to.pdf Plots/Equalified/E/test_original
_e_equalified_e_300.eps>
(epstopdf)             \includegraphics on input line 1211.
Package epstopdf Info: Output file is already uptodate.

<Plots/Equalified/E/test_original_e_equalified_e_300-eps-converted-to.pdf, id=5
0, 361.35pt x 252.945pt>
File: Plots/Equalified/E/test_original_e_equalified_e_300-eps-converted-to.pdf 
Graphic file (type pdf)

<use Plots/Equalified/E/test_original_e_equalified_e_300-eps-converted-to.pdf>
Package pdftex.def Info: Plots/Equalified/E/test_original_e_equalified_e_300-ep
s-converted-to.pdf used on input line 1211.
(pdftex.def)             Requested size: 179.39252pt x 164.4123pt.
Package epstopdf Info: Source file: <Plots/Equalified/Vampire/test_original_vam
pire_equalified_vampire_300.eps>
(epstopdf)                    date: 2016-05-10 09:40:24
(epstopdf)                    size: 26466 bytes
(epstopdf)             Output file: <Plots/Equalified/Vampire/test_original_vam
pire_equalified_vampire_300-eps-converted-to.pdf>
(epstopdf)                    date: 2016-05-10 09:40:24
(epstopdf)                    size: 9440 bytes
(epstopdf)             Command: <repstopdf --outfile=Plots/Equalified/Vampire/t
est_original_vampire_equalified_vampire_300-eps-converted-to.pdf Plots/Equalifi
ed/Vampire/test_original_vampire_equalified_vampire_300.eps>
(epstopdf)             \includegraphics on input line 1214.
Package epstopdf Info: Output file is already uptodate.

<Plots/Equalified/Vampire/test_original_vampire_equalified_vampire_300-eps-conv
erted-to.pdf, id=51, 361.35pt x 252.945pt>
File: Plots/Equalified/Vampire/test_original_vampire_equalified_vampire_300-eps
-converted-to.pdf Graphic file (type pdf)

<use Plots/Equalified/Vampire/test_original_vampire_equalified_vampire_300-eps-
converted-to.pdf>
Package pdftex.def Info: Plots/Equalified/Vampire/test_original_vampire_equalif
ied_vampire_300-eps-converted-to.pdf used on input line 1214.
(pdftex.def)             Requested size: 179.39252pt x 164.4123pt.
Package epstopdf Info: Source file: <Plots/Equalified/Z3/test_original_z3_equal
ified_z3_300.eps>
(epstopdf)                    date: 2016-05-10 09:40:24
(epstopdf)                    size: 27459 bytes
(epstopdf)             Output file: <Plots/Equalified/Z3/test_original_z3_equal
ified_z3_300-eps-converted-to.pdf>
(epstopdf)                    date: 2016-05-10 09:40:24
(epstopdf)                    size: 9508 bytes
(epstopdf)             Command: <repstopdf --outfile=Plots/Equalified/Z3/test_o
riginal_z3_equalified_z3_300-eps-converted-to.pdf Plots/Equalified/Z3/test_orig
inal_z3_equalified_z3_300.eps>
(epstopdf)             \includegraphics on input line 1215.
Package epstopdf Info: Output file is already uptodate.

<Plots/Equalified/Z3/test_original_z3_equalified_z3_300-eps-converted-to.pdf, i
d=52, 361.35pt x 252.945pt>
File: Plots/Equalified/Z3/test_original_z3_equalified_z3_300-eps-converted-to.p
df Graphic file (type pdf)

<use Plots/Equalified/Z3/test_original_z3_equalified_z3_300-eps-converted-to.pd
f>
Package pdftex.def Info: Plots/Equalified/Z3/test_original_z3_equalified_z3_300
-eps-converted-to.pdf used on input line 1215.
(pdftex.def)             Requested size: 179.39252pt x 164.4123pt.
Package epstopdf Info: Source file: <Plots/Equalified/CVC4/test_original_cvc4_e
qualified_cvc4_300.eps>
(epstopdf)                    date: 2016-05-10 09:40:24
(epstopdf)                    size: 25469 bytes
(epstopdf)             Output file: <Plots/Equalified/CVC4/test_original_cvc4_e
qualified_cvc4_300-eps-converted-to.pdf>
(epstopdf)                    date: 2016-05-10 09:40:24
(epstopdf)                    size: 8645 bytes
(epstopdf)             Command: <repstopdf --outfile=Plots/Equalified/CVC4/test
_original_cvc4_equalified_cvc4_300-eps-converted-to.pdf Plots/Equalified/CVC4/t
est_original_cvc4_equalified_cvc4_300.eps>
(epstopdf)             \includegraphics on input line 1216.
Package epstopdf Info: Output file is already uptodate.

<Plots/Equalified/CVC4/test_original_cvc4_equalified_cvc4_300-eps-converted-to.
pdf, id=53, 361.35pt x 252.945pt>
File: Plots/Equalified/CVC4/test_original_cvc4_equalified_cvc4_300-eps-converte
d-to.pdf Graphic file (type pdf)

<use Plots/Equalified/CVC4/test_original_cvc4_equalified_cvc4_300-eps-converted
-to.pdf>
Package pdftex.def Info: Plots/Equalified/CVC4/test_original_cvc4_equalified_cv
c4_300-eps-converted-to.pdf used on input line 1216.
(pdftex.def)             Requested size: 179.39252pt x 164.4123pt.
Package epstopdf Info: Source file: <Plots/Ordified/Vampire/test_original_vampi
re_ordified_vampire_300.eps>
(epstopdf)                    date: 2016-06-14 09:48:27
(epstopdf)                    size: 26538 bytes
(epstopdf)             Output file: <Plots/Ordified/Vampire/test_original_vampi
re_ordified_vampire_300-eps-converted-to.pdf>
(epstopdf)                    date: 2016-06-14 09:48:36
(epstopdf)                    size: 9118 bytes
(epstopdf)             Command: <repstopdf --outfile=Plots/Ordified/Vampire/tes
t_original_vampire_ordified_vampire_300-eps-converted-to.pdf Plots/Ordified/Vam
pire/test_original_vampire_ordified_vampire_300.eps>
(epstopdf)             \includegraphics on input line 1248.
Package epstopdf Info: Output file is already uptodate.

<Plots/Ordified/Vampire/test_original_vampire_ordified_vampire_300-eps-converte
d-to.pdf, id=54, 361.35pt x 252.945pt>
File: Plots/Ordified/Vampire/test_original_vampire_ordified_vampire_300-eps-con
verted-to.pdf Graphic file (type pdf)

<use Plots/Ordified/Vampire/test_original_vampire_ordified_vampire_300-eps-conv
erted-to.pdf>
Package pdftex.def Info: Plots/Ordified/Vampire/test_original_vampire_ordified_
vampire_300-eps-converted-to.pdf used on input line 1248.
(pdftex.def)             Requested size: 120.4978pt x 139.12018pt.
Package epstopdf Info: Source file: <Plots/Ordified/Z3/test_original_Z3_ordifie
d_Z3_300.eps>
(epstopdf)                    date: 2016-06-14 09:48:27
(epstopdf)                    size: 27469 bytes
(epstopdf)             Output file: <Plots/Ordified/Z3/test_original_Z3_ordifie
d_Z3_300-eps-converted-to.pdf>
(epstopdf)                    date: 2016-06-14 09:48:37
(epstopdf)                    size: 8827 bytes
(epstopdf)             Command: <repstopdf --outfile=Plots/Ordified/Z3/test_ori
ginal_Z3_ordified_Z3_300-eps-converted-to.pdf Plots/Ordified/Z3/test_original_Z
3_ordified_Z3_300.eps>
(epstopdf)             \includegraphics on input line 1249.
Package epstopdf Info: Output file is already uptodate.

<Plots/Ordified/Z3/test_original_Z3_ordified_Z3_300-eps-converted-to.pdf, id=55
, 361.35pt x 252.945pt>
File: Plots/Ordified/Z3/test_original_Z3_ordified_Z3_300-eps-converted-to.pdf G
raphic file (type pdf)

<use Plots/Ordified/Z3/test_original_Z3_ordified_Z3_300-eps-converted-to.pdf>
Package pdftex.def Info: Plots/Ordified/Z3/test_original_Z3_ordified_Z3_300-eps
-converted-to.pdf used on input line 1249.
(pdftex.def)             Requested size: 140.8416pt x 139.12018pt.
Package epstopdf Info: Source file: <Plots/Ordified/CVC4/test_original_CVC4_ord
ified_cvc4_300.eps>
(epstopdf)                    date: 2016-06-14 09:48:27
(epstopdf)                    size: 27453 bytes
(epstopdf)             Output file: <Plots/Ordified/CVC4/test_original_CVC4_ord
ified_cvc4_300-eps-converted-to.pdf>
(epstopdf)                    date: 2016-06-14 09:48:37
(epstopdf)                    size: 9854 bytes
(epstopdf)             Command: <repstopdf --outfile=Plots/Ordified/CVC4/test_o
riginal_CVC4_ordified_cvc4_300-eps-converted-to.pdf Plots/Ordified/CVC4/test_or
iginal_CVC4_ordified_cvc4_300.eps>
(epstopdf)             \includegraphics on input line 1250.
Package epstopdf Info: Output file is already uptodate.

<Plots/Ordified/CVC4/test_original_CVC4_ordified_cvc4_300-eps-converted-to.pdf,
 id=56, 361.35pt x 252.945pt>
File: Plots/Ordified/CVC4/test_original_CVC4_ordified_cvc4_300-eps-converted-to
.pdf Graphic file (type pdf)

<use Plots/Ordified/CVC4/test_original_CVC4_ordified_cvc4_300-eps-converted-to.
pdf>
Package pdftex.def Info: Plots/Ordified/CVC4/test_original_CVC4_ordified_cvc4_3
00-eps-converted-to.pdf used on input line 1250.
(pdftex.def)             Requested size: 125.19252pt x 139.12018pt.
 [9]
Package epstopdf Info: Source file: <Plots/OnlyTransify/E/test_original_e_trans
ified_e_300.eps>
(epstopdf)                    date: 2016-05-10 09:40:24
(epstopdf)                    size: 29300 bytes
(epstopdf)             Output file: <Plots/OnlyTransify/E/test_original_e_trans
ified_e_300-eps-converted-to.pdf>
(epstopdf)                    date: 2016-05-10 09:40:24
(epstopdf)                    size: 10297 bytes
(epstopdf)             Command: <repstopdf --outfile=Plots/OnlyTransify/E/test_
original_e_transified_e_300-eps-converted-to.pdf Plots/OnlyTransify/E/test_orig
inal_e_transified_e_300.eps>
(epstopdf)             \includegraphics on input line 1291.
Package epstopdf Info: Output file is already uptodate.

<Plots/OnlyTransify/E/test_original_e_transified_e_300-eps-converted-to.pdf, id
=60, 361.35pt x 252.945pt>
File: Plots/OnlyTransify/E/test_original_e_transified_e_300-eps-converted-to.pd
f Graphic file (type pdf)

<use Plots/OnlyTransify/E/test_original_e_transified_e_300-eps-converted-to.pdf
>
Package pdftex.def Info: Plots/OnlyTransify/E/test_original_e_transified_e_300-
eps-converted-to.pdf used on input line 1291.
(pdftex.def)             Requested size: 179.39252pt x 164.4123pt.
Package epstopdf Info: Source file: <Plots/OnlyTransify/Vampire/test_original_v
ampire_transified_vampire_300.eps>
(epstopdf)                    date: 2016-05-10 09:40:24
(epstopdf)                    size: 29203 bytes
(epstopdf)             Output file: <Plots/OnlyTransify/Vampire/test_original_v
ampire_transified_vampire_300-eps-converted-to.pdf>
(epstopdf)                    date: 2016-05-10 09:40:24
(epstopdf)                    size: 10468 bytes
(epstopdf)             Command: <repstopdf --outfile=Plots/OnlyTransify/Vampire
/test_original_vampire_transified_vampire_300-eps-converted-to.pdf Plots/OnlyTr
ansify/Vampire/test_original_vampire_transified_vampire_300.eps>
(epstopdf)             \includegraphics on input line 1294.
Package epstopdf Info: Output file is already uptodate.

<Plots/OnlyTransify/Vampire/test_original_vampire_transified_vampire_300-eps-co
nverted-to.pdf, id=61, 361.35pt x 252.945pt>
File: Plots/OnlyTransify/Vampire/test_original_vampire_transified_vampire_300-e
ps-converted-to.pdf Graphic file (type pdf)

<use Plots/OnlyTransify/Vampire/test_original_vampire_transified_vampire_300-ep
s-converted-to.pdf>
Package pdftex.def Info: Plots/OnlyTransify/Vampire/test_original_vampire_trans
ified_vampire_300-eps-converted-to.pdf used on input line 1294.
(pdftex.def)             Requested size: 179.39252pt x 164.4123pt.
Package epstopdf Info: Source file: <Plots/OnlyTransify/Z3/test_original_z3_tra
nsified_z3_300.eps>
(epstopdf)                    date: 2016-05-10 09:40:24
(epstopdf)                    size: 29760 bytes
(epstopdf)             Output file: <Plots/OnlyTransify/Z3/test_original_z3_tra
nsified_z3_300-eps-converted-to.pdf>
(epstopdf)                    date: 2016-05-10 09:40:24
(epstopdf)                    size: 9881 bytes
(epstopdf)             Command: <repstopdf --outfile=Plots/OnlyTransify/Z3/test
_original_z3_transified_z3_300-eps-converted-to.pdf Plots/OnlyTransify/Z3/test_
original_z3_transified_z3_300.eps>
(epstopdf)             \includegraphics on input line 1295.
Package epstopdf Info: Output file is already uptodate.

<Plots/OnlyTransify/Z3/test_original_z3_transified_z3_300-eps-converted-to.pdf,
 id=62, 361.35pt x 252.945pt>
File: Plots/OnlyTransify/Z3/test_original_z3_transified_z3_300-eps-converted-to
.pdf Graphic file (type pdf)

<use Plots/OnlyTransify/Z3/test_original_z3_transified_z3_300-eps-converted-to.
pdf>
Package pdftex.def Info: Plots/OnlyTransify/Z3/test_original_z3_transified_z3_3
00-eps-converted-to.pdf used on input line 1295.
(pdftex.def)             Requested size: 179.39252pt x 164.4123pt.
Package epstopdf Info: Source file: <Plots/OnlyTransify/CVC4/test_original_cvc4
_transified_cvc4_300.eps>
(epstopdf)                    date: 2016-05-10 09:40:24
(epstopdf)                    size: 29539 bytes
(epstopdf)             Output file: <Plots/OnlyTransify/CVC4/test_original_cvc4
_transified_cvc4_300-eps-converted-to.pdf>
(epstopdf)                    date: 2016-05-10 09:40:24
(epstopdf)                    size: 10817 bytes
(epstopdf)             Command: <repstopdf --outfile=Plots/OnlyTransify/CVC4/te
st_original_cvc4_transified_cvc4_300-eps-converted-to.pdf Plots/OnlyTransify/CV
C4/test_original_cvc4_transified_cvc4_300.eps>
(epstopdf)             \includegraphics on input line 1296.
Package epstopdf Info: Output file is already uptodate.

<Plots/OnlyTransify/CVC4/test_original_cvc4_transified_cvc4_300-eps-converted-t
o.pdf, id=63, 361.35pt x 252.945pt>
File: Plots/OnlyTransify/CVC4/test_original_cvc4_transified_cvc4_300-eps-conver
ted-to.pdf Graphic file (type pdf)

<use Plots/OnlyTransify/CVC4/test_original_cvc4_transified_cvc4_300-eps-convert
ed-to.pdf>
Package pdftex.def Info: Plots/OnlyTransify/CVC4/test_original_cvc4_transified_
cvc4_300-eps-converted-to.pdf used on input line 1296.
(pdftex.def)             Requested size: 179.39252pt x 164.4123pt.
 [10 <./Plots/Equalified/E/test_original_e_equalified_e_300-eps-converted-to.pd
f> <./Plots/Equalified/Vampire/test_original_vampire_equalified_vampire_300-eps
-converted-to.pdf> <./Plots/Equalified/Z3/test_original_z3_equalified_z3_300-ep
s-converted-to.pdf> <./Plots/Equalified/CVC4/test_original_cvc4_equalified_cvc4
_300-eps-converted-to.pdf>] [11 <./Plots/Ordified/Vampire/test_original_vampire
_ordified_vampire_300-eps-converted-to.pdf> <./Plots/Ordified/Z3/test_original_
Z3_ordified_Z3_300-eps-converted-to.pdf> <./Plots/Ordified/CVC4/test_original_C
VC4_ordified_cvc4_300-eps-converted-to.pdf>] (./main.bbl [12 <./Plots/OnlyTrans
ify/E/test_original_e_transified_e_300-eps-converted-to.pdf> <./Plots/OnlyTrans
ify/Vampire/test_original_vampire_transified_vampire_300-eps-converted-to.pdf> 
<./Plots/OnlyTransify/Z3/test_original_z3_transified_z3_300-eps-converted-to.pd
f> <./Plots/OnlyTransify/CVC4/test_original_cvc4_transified_cvc4_300-eps-conver
ted-to.pdf>]) [13] (./main.aux)

LaTeX Font Warning: Some font shapes were not available, defaults substituted.

 ) 
Here is how much of TeX's memory you used:
 4186 strings out of 493085
 63710 string characters out of 6136918
 171323 words of memory out of 5000000
 7559 multiletter control sequences out of 15000+600000
 20758 words of font info for 74 fonts, out of 8000000 for 9000
 1141 hyphenation exceptions out of 8191
 42i,10n,51p,1690b,1989s stack positions out of 5000i,500n,10000p,200000b,80000s
</usr/share/texlive/texmf-dist/fonts/type1/public/amsfonts/cm/cmbx10.pfb></us
r/share/texlive/texmf-dist/fonts/type1/public/amsfonts/cm/cmbx12.pfb></usr/shar
e/texlive/texmf-dist/fonts/type1/public/amsfonts/cm/cmmi10.pfb></usr/share/texl
ive/texmf-dist/fonts/type1/public/amsfonts/cm/cmmi7.pfb></usr/share/texlive/tex
mf-dist/fonts/type1/public/amsfonts/cm/cmr10.pfb></usr/share/texlive/texmf-dist
/fonts/type1/public/amsfonts/cm/cmr12.pfb></usr/share/texlive/texmf-dist/fonts/
type1/public/amsfonts/cm/cmr6.pfb></usr/share/texlive/texmf-dist/fonts/type1/pu
blic/amsfonts/cm/cmr7.pfb></usr/share/texlive/texmf-dist/fonts/type1/public/ams
fonts/cm/cmr8.pfb></usr/share/texlive/texmf-dist/fonts/type1/public/amsfonts/cm
/cmss10.pfb></usr/share/texlive/texmf-dist/fonts/type1/public/amsfonts/cm/cmsy1
0.pfb></usr/share/texlive/texmf-dist/fonts/type1/public/amsfonts/cm/cmsy8.pfb><
/usr/share/texlive/texmf-dist/fonts/type1/public/amsfonts/cm/cmti10.pfb></usr/s
hare/texlive/texmf-dist/fonts/type1/public/amsfonts/cm/cmti7.pfb></usr/share/te
xlive/texmf-dist/fonts/type1/public/amsfonts/cm/cmti8.pfb></usr/share/texlive/t
exmf-dist/fonts/type1/public/mathabx-type1/matha10.pfb></usr/share/texlive/texm
f-dist/fonts/type1/public/mathabx-type1/matha5.pfb></usr/share/texlive/texmf-di
st/fonts/type1/public/mathabx-type1/matha7.pfb></usr/share/texlive/texmf-dist/f
onts/type1/public/mathabx-type1/mathb5.pfb></usr/share/texlive/texmf-dist/fonts
/type1/public/mathabx-type1/mathb7.pfb></usr/share/texlive/texmf-dist/fonts/typ
e1/public/amsfonts/symbols/msbm10.pfb></usr/share/texlive/texmf-dist/fonts/type
1/public/stmaryrd/stmary10.pfb>
Output written on main.pdf (13 pages, 320785 bytes).
PDF statistics:
 202 PDF objects out of 1000 (max. 8388607)
 141 compressed objects within 2 object streams
 0 named destinations out of 1000 (max. 500000)
 56 words of extra memory for PDF output out of 10000 (max. 10000000)

